[VIDEO] Calling GetVideoFrameAsync()...
[VIDEO] Getting ImageArray from camera...
[VIDEO] ImageArray type: System.Int32[,]
[VIDEO] ImageArray size: 960x1280
[VIDEO] ⚠️ Black image detected - check camera exposure, gain, and lens cap
[VIDEO] ✅ BitmapSource created successfully
[VIDEO] Bitmap: 960x1280, Format: Bgra32
[VIDEO] ✅ Video frame displayed in UI
[VIDEO] Calling GetVideoFrameAsync()...
[VIDEO] Getting ImageArray from camera...
[VIDEO] ImageArray type: System.Int32[,]
[VIDEO] ImageArray size: 960x1280
[VIDEO] ⚠️ Black image detected - check camera exposure, gain, and lens cap
[VIDEO] ✅ BitmapSource created successfully
[VIDEO] Bitmap: 960x1280, Format: Bgra32
[VIDEO] ✅ Video frame displayed in UI
[VIDEO] Calling GetVideoFrameAsync()...
[VIDEO] Getting ImageArray from camera...
[VIDEO] ImageArray type: System.Int32[,]
[VIDEO] ImageArray size: 960x1280
[VIDEO] ✅ BitmapSource created successfully
[VIDEO] Bitmap: 960x1280, Format: Bgra32
[VIDEO] ✅ Video frame displayed in UI
[VIDEO] Calling GetVideoFrameAsync()...
[VIDEO] Getting ImageArray from camera...
[VIDEO] ImageArray type: System.Int32[,]
[VIDEO] ImageArray size: 960x1280
[VIDEO] ✅ BitmapSource created successfully
[VIDEO] Bitmap: 960x1280, Format: Bgra32
[VIDEO] ✅ Video frame displayed in UI
[VIDEO] Calling GetVideoFrameAsync()...
[VIDEO] Getting ImageArray from camera...
[VIDEO] ImageArray type: System.Int32[,]
[VIDEO] ImageArray size: 960x1280
[VIDEO] ⚠️ Black image detected - check camera exposure, gain, and lens cap
[VIDEO] ✅ BitmapSource created successfully
[VIDEO] Bitmap: 960x1280, Format: Bgra32
[VIDEO] ✅ Video frame displayed in UI
[VIDEO] Calling GetVideoFrameAsync()...
[VIDEO] Getting ImageArray from camera...
[VIDEO] ImageArray type: System.Int32[,]
[VIDEO] ImageArray size: 960x1280
[VIDEO] ⚠️ Black image detected - check camera exposure, gain, and lens cap
[VIDEO] ✅ BitmapSource created successfully
[VIDEO] Bitmap: 960x1280, Format: Bgra32
[VIDEO] ✅ Video frame displayed in UI
[VIDEO] Calling GetVideoFrameAsync()...
[VIDEO] Getting ImageArray from camera...
[VIDEO] ImageArray type: System.Int32[,]
[VIDEO] ImageArray size: 960x1280
[VIDEO] ⚠️ Black image detected - check camera exposure, gain, and lens cap
[VIDEO] ✅ BitmapSource created successfully
[VIDEO] Bitmap: 960x1280, Format: Bgra32
[VIDEO] ✅ Video frame displayed in UI
[VIDEO] Calling GetVideoFrameAsync()...
[VIDEO] Getting ImageArray from camera...
[VIDEO] ImageArray type: System.Int32[,]
[VIDEO] ImageArray size: 960x1280
[VIDEO] ✅ BitmapSource created successfully
[VIDEO] Bitmap: 960x1280, Format: Bgra32
[VIDEO] ✅ Video frame displayed in UI
[VIDEO] Calling GetVideoFrameAsync()...
[VIDEO] Getting ImageArray from camera...
[VIDEO] ImageArray type: System.Int32[,]
[VIDEO] ImageArray size: 960x1280
[VIDEO] ⚠️ Black image detected - check camera exposure, gain, and lens cap
[VIDEO] ✅ BitmapSource created successfully
[VIDEO] Bitmap: 960x1280, Format: Bgra32
[VIDEO] ✅ Video frame displayed in UI
[VIDEO] Calling GetVideoFrameAsync()...
[VIDEO] Getting ImageArray from camera...
[VIDEO] ImageArray type: System.Int32[,]
[VIDEO] ImageArray size: 960x1280
[VIDEO] ⚠️ Black image detected - check camera exposure, gain, and lens cap
[VIDEO] ✅ BitmapSource created successfully
[VIDEO] Bitmap: 960x1280, Format: Bgra32
[VIDEO] ✅ Video frame displayed in UI
[VIDEO] Calling GetVideoFrameAsync()...
[VIDEO] Getting ImageArray from camera...
[VIDEO] ImageArray type: System.Int32[,]
[VIDEO] ImageArray size: 960x1280
[VIDEO] ⚠️ Black image detected - check camera exposure, gain, and lens cap
[VIDEO] ✅ BitmapSource created successfully
[VIDEO] Bitmap: 960x1280, Format: Bgra32
[VIDEO] ✅ Video frame displayed in UI
[VIDEO] Calling GetVideoFrameAsync()...
[VIDEO] Getting ImageArray from camera...
[VIDEO] ImageArray type: System.Int32[,]
[VIDEO] ImageArray size: 960x1280
[VIDEO] ⚠️ Black image detected - check camera exposure, gain, and lens cap
[VIDEO] ✅ BitmapSource created successfully
[VIDEO] Bitmap: 960x1280, Format: Bgra32
[VIDEO] ✅ Video frame displayed in UI
[VIDEO] Calling GetVideoFrameAsync()...
[VIDEO] Getting ImageArray from camera...
[VIDEO] ImageArray type: System.Int32[,]
[VIDEO] ImageArray size: 960x1280
[VIDEO] ⚠️ Black image detected - check camera exposure, gain, and lens cap
[VIDEO] ✅ BitmapSource created successfully
[VIDEO] Bitmap: 960x1280, Format: Bgra32
[VIDEO] ✅ Video frame displayed in UI
[VIDEO] Calling GetVideoFrameAsync()...
[VIDEO] Getting ImageArray from camera...
[VIDEO] ImageArray type: System.Int32[,]
[VIDEO] ImageArray size: 960x1280
[VIDEO] ⚠️ Black image detected - check camera exposure, gain, and lens cap
[VIDEO] ✅ BitmapSource created successfully
[VIDEO] Bitmap: 960x1280, Format: Bgra32
[VIDEO] ✅ Video frame displayed in UI
[VIDEO] Calling GetVideoFrameAsync()...
[VIDEO] Getting ImageArray from camera...
[VIDEO] ImageArray type: System.Int32[,]
[VIDEO] ImageArray size: 960x1280
[VIDEO] ⚠️ Black image detected - check camera exposure, gain, and lens cap
[VIDEO] ✅ BitmapSource created successfully
[VIDEO] Bitmap: 960x1280, Format: Bgra32
[VIDEO] ✅ Video frame displayed in UI
[VIDEO] Calling GetVideoFrameAsync()...
[VIDEO] Getting ImageArray from camera...
[VIDEO] ImageArray type: System.Int32[,]
[VIDEO] ImageArray size: 960x1280
[VIDEO] ✅ BitmapSource created successfully
[VIDEO] Bitmap: 960x1280, Format: Bgra32
[VIDEO] ✅ Video frame displayed in UI
[VIDEO] Calling GetVideoFrameAsync()...
[VIDEO] Getting ImageArray from camera...
[VIDEO] ImageArray type: System.Int32[,]
[VIDEO] ImageArray size: 960x1280
[VIDEO] ⚠️ Black image detected - check camera exposure, gain, and lens cap
[VIDEO] ✅ BitmapSource created successfully
[VIDEO] Bitmap: 960x1280, Format: Bgra32
[VIDEO] ✅ Video frame displayed in UI
[VIDEO] Calling GetVideoFrameAsync()...
[VIDEO] Getting ImageArray from camera...
[VIDEO] ImageArray type: System.Int32[,]
[VIDEO] ImageArray size: 960x1280
[VIDEO] ⚠️ Black image detected - check camera exposure, gain, and lens cap
[VIDEO] ✅ BitmapSource created successfully
[VIDEO] Bitmap: 960x1280, Format: Bgra32
[VIDEO] ✅ Video frame displayed in UI
[VIDEO] Calling GetVideoFrameAsync()...
[VIDEO] Getting ImageArray from camera...
[VIDEO] ImageArray type: System.Int32[,]
[VIDEO] ImageArray size: 960x1280
[VIDEO] ⚠️ Black image detected - check camera exposure, gain, and lens cap
[VIDEO] ✅ BitmapSource created successfully
[VIDEO] Bitmap: 960x1280, Format: Bgra32
[VIDEO] ✅ Video frame displayed in UI
[VIDEO] Calling GetVideoFrameAsync()...
[VIDEO] Getting ImageArray from camera...
[VIDEO] ImageArray type: System.Int32[,]
[VIDEO] ImageArray size: 960x1280
[VIDEO] ⚠️ Black image detected - check camera exposure, gain, and lens cap
[VIDEO] ✅ BitmapSource created successfully
[VIDEO] Bitmap: 960x1280, Format: Bgra32
[VIDEO] ✅ Video frame displayed in UI
[MainWindow] ⚠️ No TTS available (Coqui: False, Google: False) - text would be: Sorry, I could not hear you. Please check your microphone and try again.
[VIDEO] Calling GetVideoFrameAsync()...
[VIDEO] Getting ImageArray from camera...
[VIDEO] ImageArray type: System.Int32[,]
[VIDEO] ImageArray size: 960x1280
[VIDEO] ⚠️ Black image detected - check camera exposure, gain, and lens cap
[VIDEO] ✅ BitmapSource created successfully
[VIDEO] Bitmap: 960x1280, Format: Bgra32
[VIDEO] ✅ Video frame displayed in UI
[VIDEO] Calling GetVideoFrameAsync()...
[VIDEO] Getting ImageArray from camera...
[VIDEO] ImageArray type: System.Int32[,]
[VIDEO] ImageArray size: 960x1280
[VIDEO] ⚠️ Black image detected - check camera exposure, gain, and lens cap
[VIDEO] ✅ BitmapSource created successfully
[VIDEO] Bitmap: 960x1280, Format: Bgra32
[VIDEO] ✅ Video frame displayed in UI
[VIDEO] Calling GetVideoFrameAsync()...
[VIDEO] Getting ImageArray from camera...
[VIDEO] ImageArray type: System.Int32[,]
[VIDEO] ImageArray size: 960x1280
[VIDEO] ⚠️ Black image detected - check camera exposure, gain, and lens cap
[VIDEO] ✅ BitmapSource created successfully
[VIDEO] Bitmap: 960x1280, Format: Bgra32
[VIDEO] ✅ Video frame displayed in UI
